=== Batch Loading Summary ===

Candidate A:
  Files Found: 255
  Files Loaded: 255
  Files Failed: 0

Candidate B:
  Files Found: 255
  Files Loaded: 255
  Files Failed: 0

Candidate C:
  Files Found: 255
  Files Loaded: 255
  Files Failed: 0

Candidate D:
  Files Found: 255
  Files Loaded: 255
  Files Failed: 0

Candidate E:
  Files Found: 255
  Files Loaded: 255
  Files Failed: 0

Candidate F:
  Files Found: 255
  Files Loaded: 255
  Files Failed: 0

Candidate G:
  Files Found: 255
  Files Loaded: 255
  Files Failed: 0

Candidate H:
  Files Found: 255
  Files Loaded: 255
  Files Failed: 0

Candidate I:
  Files Found: 255
  Files Loaded: 255
  Files Failed: 0

Candidate J:
  Files Found: 255
  Files Loaded: 255
  Files Failed: 0

=== Total ===
Total Files Loaded: 2550
Total Files Failed: 0