/bin/bash: /u/home/llim/miniconda3/lib/libtinfo.so.6: no version information available (required by /bin/bash)
JOB START: Thu May 14 09:38:21 UTC 2026
wandb: Currently logged in as: llmmail2021 (llmmail2021-technical-university-of-munich). Use `wandb login --relogin` to force relogin
wandb: wandb version 0.27.0 is available!  To upgrade, please run:
wandb:  $ pip install wandb --upgrade
wandb: Tracking run with wandb version 0.17.5
wandb: Run data is saved locally in /data/home/llim/FMPCC/FM-PCC/wandb/run-20260514_093829-5ypt2jdp
wandb: Run `wandb offline` to turn off syncing.
wandb: Syncing run iMF-seed-6
wandb: ⭐️ View project at https://wandb.ai/llmmail2021-technical-university-of-munich/FMPCC-iMF
wandb: 🚀 View run at https://wandb.ai/llmmail2021-technical-university-of-munich/FMPCC-iMF/runs/5ypt2jdp
================================================================================
[ train ] iMeanFlow Training (iMF-PCC)
[ train ] Engine: Improved Mean Flows (dual-velocity decomposition)
[ train ] Repo: github.com/Lyy-iiis/imeanflow
[ train ] Seeds: [6] (cli --seeds)
[ train ] W&B: True (project: FMPCC-iMF)
================================================================================

[ train ] Seed 6

[utils/config ] Config: <class 'diffuser.datasets.sequence.SequenceDataset'>
    discount: 0.99
    env: avoiding-d3il
    horizon: 8
    include_returns: True
    max_path_length: 150
    normalizer: LimitsNormalizer
    preprocess_fns: []
    returns_scale: 400
    use_padding: True

[ utils/config ] Saved config to: logs/avoiding-d3il/flow_matching_v3_imeanflow/H8_Dflow_matcher_v3_imeanflow.models.iMFDiffusion_a1.5_b1.0_aw10/6/dataset_config_resume_11.json

[ datasets/buffer ] Fields:
    observations: (96, 150, 4)
    actions: (96, 150, 2)
    rewards: (96, 150, 1)
    terminals: (96, 150, 1)
    normed_observations: (96, 150, 4)
    normed_actions: (96, 150, 2)

[utils/config ] Config: <class 'flow_matcher_v3_imeanflow.models.imf_engine.iMeanFlowEngine'>
    depth: 8
    dropout_rate: 0.1
    freq_dim: 256
    mlp_dim: 256
    num_heads: 4
    seq_len: 8
    state_dim: 6
    time_dim: 256

[ utils/config ] Saved config to: logs/avoiding-d3il/flow_matching_v3_imeanflow/H8_Dflow_matcher_v3_imeanflow.models.iMFDiffusion_a1.5_b1.0_aw10/6/model_config_resume_9.json


[utils/config ] Config: <class 'flow_matcher_v3_imeanflow.models.imf_diffusion.iMFDiffusion'>
    action_dim: 2
    action_weight: 10
    clip_denoised: False
    condition_guidance_w: 1.2
    flow_steps_v3: 1
    goal_dim: 0
    horizon: 8
    loss_discount: 0.99
    loss_schedule: balanced
    loss_type: l2
    observation_dim: 4
    ode_inference_steps_v3: 1
    predict_epsilon: True
    returns_condition: True
    time_beta_alpha_v3: 1.5
    time_beta_beta_v3: 1.0
    transition_epochs: 0
    u_loss_weight: 1.0
    v_loss_weight: 0.1
    warmup_epochs: 0

[ utils/config ] Saved config to: logs/avoiding-d3il/flow_matching_v3_imeanflow/H8_Dflow_matcher_v3_imeanflow.models.iMFDiffusion_a1.5_b1.0_aw10/6/diffusion_config_resume_8.json


[utils/config ] Config: <class 'diffuser.utils.training.Trainer'>
    ema_decay: 0.995
    gradient_accumulate_every: 1
    n_steps_per_epoch: 1000
    n_train_steps: 100000
    results_folder: logs/avoiding-d3il/flow_matching_v3_imeanflow/H8_Dflow_matcher_v3_imeanflow.models.iMFDiffusion_a1.5_b1.0_aw10/6
    train_batch_size: 32
    train_device: cuda
    train_lr: 0.0005
    train_test_split: 0.9

[ utils/config ] Saved config to: logs/avoiding-d3il/flow_matching_v3_imeanflow/H8_Dflow_matcher_v3_imeanflow.models.iMFDiffusion_a1.5_b1.0_aw10/6/trainer_config_resume_8.json

[ train ] Starting training (steps: 100000)
  0%|          | 0/1000 [00:00<?, ?it/s]Epoch 0:   0%|          | 0/1000 [00:00<?, ?it/s]Traceback (most recent call last):
  File "/data/home/llim/FMPCC/FM-PCC/FM_v3_imeanflow_test/train_flow_matching_v3_imeanflow.py", line 223, in <module>
    trainer.train()
  File "/u/home/llim/FMPCC/FM-PCC/diffuser/utils/training.py", line 195, in train
    self.train_epoch(steps_this_epoch, epoch)
  File "/u/home/llim/FMPCC/FM-PCC/diffuser/utils/training.py", line 124, in train_epoch
    loss, infos = self.model.loss(*batch)
  File "/u/home/llim/FMPCC/FM-PCC/flow_matcher_v3_imeanflow/models/imf_diffusion.py", line 225, in loss
    return self.p_losses(x, cond, t, returns=returns)
  File "/u/home/llim/FMPCC/FM-PCC/flow_matcher_v3_imeanflow/models/imf_diffusion.py", line 247, in p_losses
    main_loss, info = self.loss_fn(velocity_pred, v_target)
  File "/u/home/llim/miniconda3/envs/FMPCC/lib/python3.10/site-packages/torch/nn/modules/module.py", line 1511, in _wrapped_call_impl
    return self._call_impl(*args, **kwargs)
  File "/u/home/llim/miniconda3/envs/FMPCC/lib/python3.10/site-packages/torch/nn/modules/module.py", line 1520, in _call_impl
    return forward_call(*args, **kwargs)
  File "/u/home/llim/FMPCC/FM-PCC/flow_matcher_v3_imeanflow/models/helpers.py", line 185, in forward
    weighted_loss = (loss * self.weights).mean()
RuntimeError: Expected all tensors to be on the same device, but found at least two devices, cuda:0 and cpu!
wandb: - 0.008 MB of 0.008 MB uploadedwandb: \ 0.008 MB of 0.008 MB uploadedwandb: | 0.008 MB of 0.008 MB uploadedwandb: / 0.008 MB of 0.008 MB uploadedwandb: - 0.008 MB of 0.008 MB uploadedwandb: \ 0.017 MB of 0.030 MB uploaded (0.004 MB deduped)wandb: | 0.030 MB of 0.030 MB uploaded (0.004 MB deduped)wandb: 🚀 View run iMF-seed-6 at: https://wandb.ai/llmmail2021-technical-university-of-munich/FMPCC-iMF/runs/5ypt2jdp
wandb: ⭐️ View project at: https://wandb.ai/llmmail2021-technical-university-of-munich/FMPCC-iMF
wandb: Synced 6 W&B file(s), 0 media file(s), 2 artifact file(s) and 0 other file(s)
wandb: Find logs at: ./wandb/run-20260514_093829-5ypt2jdp/logs
wandb: WARNING The new W&B backend becomes opt-out in version 0.18.0; try it out with `wandb.require("core")`! See https://wandb.me/wandb-core for more information.
