/bin/bash: /u/home/llim/miniconda3/lib/libtinfo.so.6: no version information available (required by /bin/bash)
JOB START: Thu May 14 09:58:56 UTC 2026
wandb: Currently logged in as: llmmail2021 (llmmail2021-technical-university-of-munich). Use `wandb login --relogin` to force relogin
wandb: wandb version 0.27.0 is available!  To upgrade, please run:
wandb:  $ pip install wandb --upgrade
wandb: Tracking run with wandb version 0.17.5
wandb: Run data is saved locally in /data/home/llim/FMPCC/FM-PCC/wandb/run-20260514_095859-37z46hvm
wandb: Run `wandb offline` to turn off syncing.
wandb: Syncing run aligning-d3il-visual-ddpm_encdec_vision-H8-S6
wandb: ⭐️ View project at https://wandb.ai/llmmail2021-technical-university-of-munich/FMPCC-visual-aligning
wandb: 🚀 View run at https://wandb.ai/llmmail2021-technical-university-of-munich/FMPCC-visual-aligning/runs/37z46hvm
[ train ] Seed source: cli --seeds
[ train ] Training seeds: [6]
[ utils/setup ] Made savepath: logs/aligning-d3il-visual/ddpm_encdec_vision/H8/6
[ train ] Saved seed manifest to: logs/aligning-d3il-visual/ddpm_encdec_vision/H8/seeds_config.json

[utils/config ] Config: <class 'd3il.environments.dataset.aligning_dataset.Aligning_Img_Dataset'>
    action_dim: 3
    data_directory: environments/dataset/data/aligning/train_files.pkl
    max_len_data: 256
    obs_dim: 3
    window_size: 8

[ utils/config ] Saved config to: logs/aligning-d3il-visual/ddpm_encdec_vision/H8/6/dataset_config.pkl

[ utils/config ] Saved config to: logs/aligning-d3il-visual/ddpm_encdec_vision/H8/6/dataset_config.json

  0%|          | 0/3 [00:00<?, ?it/s] 67%|██████▋   | 2/3 [00:00<00:00, 13.46it/s]100%|██████████| 3/3 [00:00<00:00, 13.02it/s]
Traceback (most recent call last):
  File "/data/home/llim/FMPCC/FM-PCC/ddpm_encdec_vision_test/train_ddpm_encdec_vision.py", line 235, in <module>
    dataset = dataset_config()
  File "/u/home/llim/FMPCC/FM-PCC/ddpm_encdec_vision/utils/config.py", line 95, in __call__
    instance = instance.to(self._device)
AttributeError: 'Aligning_Img_Dataset' object has no attribute 'to'
wandb: - 0.008 MB of 0.008 MB uploadedwandb: \ 0.008 MB of 0.008 MB uploadedwandb: | 0.008 MB of 0.008 MB uploadedwandb: / 0.008 MB of 0.008 MB uploadedwandb: - 0.015 MB of 0.023 MB uploadedwandb: \ 0.028 MB of 0.028 MB uploadedwandb: 🚀 View run aligning-d3il-visual-ddpm_encdec_vision-H8-S6 at: https://wandb.ai/llmmail2021-technical-university-of-munich/FMPCC-visual-aligning/runs/37z46hvm
wandb: ⭐️ View project at: https://wandb.ai/llmmail2021-technical-university-of-munich/FMPCC-visual-aligning
wandb: Synced 6 W&B file(s), 0 media file(s), 2 artifact file(s) and 0 other file(s)
wandb: Find logs at: ./wandb/run-20260514_095859-37z46hvm/logs
wandb: WARNING The new W&B backend becomes opt-out in version 0.18.0; try it out with `wandb.require("core")`! See https://wandb.me/wandb-core for more information.
