/bin/bash: /u/home/llim/miniconda3/lib/libtinfo.so.6: no version information available (required by /bin/bash)
JOB START: Thu May 14 10:12:46 UTC 2026
wandb: Currently logged in as: llmmail2021 (llmmail2021-technical-university-of-munich). Use `wandb login --relogin` to force relogin
wandb: wandb version 0.27.0 is available!  To upgrade, please run:
wandb:  $ pip install wandb --upgrade
wandb: Tracking run with wandb version 0.17.5
wandb: Run data is saved locally in /data/home/llim/FMPCC/FM-PCC/wandb/run-20260514_101249-vrp7jyo8
wandb: Run `wandb offline` to turn off syncing.
wandb: Syncing run aligning-d3il-visual-ddpm_encdec_vision-H8-S6
wandb: ⭐️ View project at https://wandb.ai/llmmail2021-technical-university-of-munich/FMPCC-visual-aligning
wandb: 🚀 View run at https://wandb.ai/llmmail2021-technical-university-of-munich/FMPCC-visual-aligning/runs/vrp7jyo8
[ train ] Seed source: cli --seeds
[ train ] Training seeds: [6]
[ train ] Saved seed manifest to: logs/aligning-d3il-visual/ddpm_encdec_vision/H8/seeds_config.json

[utils/config ] Config: <class 'd3il.environments.dataset.aligning_dataset.Aligning_Img_Dataset'>
    action_dim: 3
    data_directory: environments/dataset/data/aligning/train_files.pkl
    max_len_data: 256
    obs_dim: 3
    window_size: 8

[ utils/config ] Saved config to: logs/aligning-d3il-visual/ddpm_encdec_vision/H8/6/dataset_config_resume_2.json

  0%|          | 0/3 [00:00<?, ?it/s] 67%|██████▋   | 2/3 [00:00<00:00, 14.43it/s]100%|██████████| 3/3 [00:00<00:00, 13.83it/s]
/u/home/llim/miniconda3/envs/FMPCC/lib/python3.10/site-packages/torchvision/models/_utils.py:208: UserWarning: The parameter 'pretrained' is deprecated since 0.13 and may be removed in the future, please use 'weights' instead.
  warnings.warn(
/u/home/llim/miniconda3/envs/FMPCC/lib/python3.10/site-packages/torchvision/models/_utils.py:223: UserWarning: Arguments other than a weight enum or `None` for 'weights' are deprecated since 0.13 and may be removed in the future. The current behavior is equivalent to passing `weights=None`.
  warnings.warn(msg)

[utils/config ] Config: <class 'ddpm_encdec_vision.models.visual_unet.VisualUNet'>
    config: Namespace(config='config.aligning-d3il-visual', seed=6, dataset='aligning-d3il-visual', model='ddpm_encdec_vision.models.d3il_visual_bridge.VisualDiffusionBridge', diffusion='ddpm_encdec_vision.models.d3il_visual_bridge.VisualDiffusionBridge', horizon=8, window_size=8, obs_dim=128, action_dim=3, visual_input=True, obs_seq_len=5, action_seq_size=4, n_diffusion_steps=16, loss_type='l2', loader='ignored', max_path_length=150, logbase='logs', prefix='ddpm_encdec_vision/', exp_name='ddpm_encdec_vision/H8', n_steps_per_epoch=1000, n_train_steps=100000.0, batch_size=8, learning_rate=0.0001, gradient_accumulate_every=2, ema_decay=0.995, train_test_split=0.9, device='cuda', savepath='logs/aligning-d3il-visual/ddpm_encdec_vision/H8/6')

[ utils/config ] Saved config to: logs/aligning-d3il-visual/ddpm_encdec_vision/H8/6/model_config_resume_1.json

ROBOMIMIC WARNING(
    No private macro file found!
    It is recommended to use a private macro file
    To setup, run: python /u/home/llim/FMPCC/FM-PCC/d3il/agents/models/robomimic/scripts/setup_macros.py
)

[utils/config ] Config: <class 'ddpm_encdec_vision.models.visual_gaussian_diffusion.VisualGaussianDiffusion'>
    action_dim: 3
    action_weight: 1.0
    flow_steps_v3: 10
    goal_dim: 0
    horizon: 8
    loss_type: l2
    model: VisualUNet(
  (obs_encoder): MultiImageObsEncoder(
    (key_model_map): ModuleDict(
      (agentview_image): VisualCore(
        input_shape=[3, 96, 96]
        output_shape=[64]
        backbone_net=ResNet18Conv(input_channel=3, input_coord_conv=False)
        pool_net=SpatialSoftmax(num_kp=32, temperature=1.0, noise=0.0)
      )
      (in_hand_image): VisualCore(
        input_shape=[3, 96, 96]
        output_shape=[64]
        backbone_net=ResNet18Conv(input_channel=3, input_coord_conv=False)
        pool_net=SpatialSoftmax(num_kp=32, temperature=1.0, noise=0.0)
      )
    )
    (key_transform_map): ModuleDict(
      (agentview_image): Sequential(
        (0): Identity()
        (1): Identity()
        (2): Normalize(mean=[0.485, 0.456, 0.406], std=[0.229, 0.224, 0.225])
      )
      (in_hand_image): Sequential(
        (0): Identity()
        (1): Identity()
        (2): Normalize(mean=[0.485, 0.456, 0.406], std=[0.229, 0.224, 0.225])
      )
    )
  )
  (backbone): Flow_matcher_U_Net_v2(
    (time_mlp): Sequential(
      (0): SinusoidalPosEmb()
      (1): Linear(in_features=128, out_features=512, bias=True)
      (2): Mish()
      (3): Linear(in_features=512, out_features=128, bias=True)
    )
    (downs): ModuleList(
      (0): ModuleList(
        (0): ResidualTemporalBlock(
          (blocks): ModuleList(
            (0): Conv1dBlock(
              (block): Sequential(
                (0): Conv1d(6, 128, kernel_size=(5,), stride=(1,), padding=(2,))
                (1): Rearrange('batch channels horizon -> batch channels 1 horizon')
                (2): GroupNorm(8, 128, eps=1e-05, affine=True)
                (3): Rearrange('batch channels 1 horizon -> batch channels horizon')
                (4): Mish()
              )
            )
            (1): Conv1dBlock(
              (block): Sequential(
                (0): Conv1d(128, 128, kernel_size=(5,), stride=(1,), padding=(2,))
                (1): Rearrange('batch channels horizon -> batch channels 1 horizon')
                (2): GroupNorm(8, 128, eps=1e-05, affine=True)
                (3): Rearrange('batch channels 1 horizon -> batch channels horizon')
                (4): Mish()
              )
            )
          )
          (time_mlp): Sequential(
            (0): Mish()
            (1): Linear(in_features=128, out_features=128, bias=True)
            (2): Rearrange('batch t -> batch t 1')
          )
          (residual_conv): Conv1d(6, 128, kernel_size=(1,), stride=(1,))
        )
        (1): ResidualTemporalBlock(
          (blocks): ModuleList(
            (0-1): 2 x Conv1dBlock(
              (block): Sequential(
                (0): Conv1d(128, 128, kernel_size=(5,), stride=(1,), padding=(2,))
                (1): Rearrange('batch channels horizon -> batch channels 1 horizon')
                (2): GroupNorm(8, 128, eps=1e-05, affine=True)
                (3): Rearrange('batch channels 1 horizon -> batch channels horizon')
                (4): Mish()
              )
            )
          )
          (time_mlp): Sequential(
            (0): Mish()
            (1): Linear(in_features=128, out_features=128, bias=True)
            (2): Rearrange('batch t -> batch t 1')
          )
          (residual_conv): Identity()
        )
        (2): Downsample1d(
          (conv): Conv1d(128, 128, kernel_size=(3,), stride=(2,), padding=(1,))
        )
      )
      (1): ModuleList(
        (0): ResidualTemporalBlock(
          (blocks): ModuleList(
            (0): Conv1dBlock(
              (block): Sequential(
                (0): Conv1d(128, 256, kernel_size=(5,), stride=(1,), padding=(2,))
                (1): Rearrange('batch channels horizon -> batch channels 1 horizon')
                (2): GroupNorm(8, 256, eps=1e-05, affine=True)
                (3): Rearrange('batch channels 1 horizon -> batch channels horizon')
                (4): Mish()
              )
            )
            (1): Conv1dBlock(
              (block): Sequential(
                (0): Conv1d(256, 256, kernel_size=(5,), stride=(1,), padding=(2,))
                (1): Rearrange('batch channels horizon -> batch channels 1 horizon')
                (2): GroupNorm(8, 256, eps=1e-05, affine=True)
                (3): Rearrange('batch channels 1 horizon -> batch channels horizon')
                (4): Mish()
              )
            )
          )
          (time_mlp): Sequential(
            (0): Mish()
            (1): Linear(in_features=128, out_features=256, bias=True)
            (2): Rearrange('batch t -> batch t 1')
          )
          (residual_conv): Conv1d(128, 256, kernel_size=(1,), stride=(1,))
        )
        (1): ResidualTemporalBlock(
          (blocks): ModuleList(
            (0-1): 2 x Conv1dBlock(
              (block): Sequential(
                (0): Conv1d(256, 256, kernel_size=(5,), stride=(1,), padding=(2,))
                (1): Rearrange('batch channels horizon -> batch channels 1 horizon')
                (2): GroupNorm(8, 256, eps=1e-05, affine=True)
                (3): Rearrange('batch channels 1 horizon -> batch channels horizon')
                (4): Mish()
              )
            )
          )
          (time_mlp): Sequential(
            (0): Mish()
            (1): Linear(in_features=128, out_features=256, bias=True)
            (2): Rearrange('batch t -> batch t 1')
          )
          (residual_conv): Identity()
        )
        (2): Downsample1d(
          (conv): Conv1d(256, 256, kernel_size=(3,), stride=(2,), padding=(1,))
        )
      )
      (2): ModuleList(
        (0): ResidualTemporalBlock(
          (blocks): ModuleList(
            (0): Conv1dBlock(
              (block): Sequential(
                (0): Conv1d(256, 512, kernel_size=(5,), stride=(1,), padding=(2,))
                (1): Rearrange('batch channels horizon -> batch channels 1 horizon')
                (2): GroupNorm(8, 512, eps=1e-05, affine=True)
                (3): Rearrange('batch channels 1 horizon -> batch channels horizon')
                (4): Mish()
              )
            )
            (1): Conv1dBlock(
              (block): Sequential(
                (0): Conv1d(512, 512, kernel_size=(5,), stride=(1,), padding=(2,))
                (1): Rearrange('batch channels horizon -> batch channels 1 horizon')
                (2): GroupNorm(8, 512, eps=1e-05, affine=True)
                (3): Rearrange('batch channels 1 horizon -> batch channels horizon')
                (4): Mish()
              )
            )
          )
          (time_mlp): Sequential(
            (0): Mish()
            (1): Linear(in_features=128, out_features=512, bias=True)
            (2): Rearrange('batch t -> batch t 1')
          )
          (residual_conv): Conv1d(256, 512, kernel_size=(1,), stride=(1,))
        )
        (1): ResidualTemporalBlock(
          (blocks): ModuleList(
            (0-1): 2 x Conv1dBlock(
              (block): Sequential(
                (0): Conv1d(512, 512, kernel_size=(5,), stride=(1,), padding=(2,))
                (1): Rearrange('batch channels horizon -> batch channels 1 horizon')
                (2): GroupNorm(8, 512, eps=1e-05, affine=True)
                (3): Rearrange('batch channels 1 horizon -> batch channels horizon')
                (4): Mish()
              )
            )
          )
          (time_mlp): Sequential(
            (0): Mish()
            (1): Linear(in_features=128, out_features=512, bias=True)
            (2): Rearrange('batch t -> batch t 1')
          )
          (residual_conv): Identity()
        )
        (2): Downsample1d(
          (conv): Conv1d(512, 512, kernel_size=(3,), stride=(2,), padding=(1,))
        )
      )
      (3): ModuleList(
        (0): ResidualTemporalBlock(
          (blocks): ModuleList(
            (0): Conv1dBlock(
              (block): Sequential(
                (0): Conv1d(512, 1024, kernel_size=(5,), stride=(1,), padding=(2,))
                (1): Rearrange('batch channels horizon -> batch channels 1 horizon')
                (2): GroupNorm(8, 1024, eps=1e-05, affine=True)
                (3): Rearrange('batch channels 1 horizon -> batch channels horizon')
                (4): Mish()
              )
            )
            (1): Conv1dBlock(
              (block): Sequential(
                (0): Conv1d(1024, 1024, kernel_size=(5,), stride=(1,), padding=(2,))
                (1): Rearrange('batch channels horizon -> batch channels 1 horizon')
                (2): GroupNorm(8, 1024, eps=1e-05, affine=True)
                (3): Rearrange('batch channels 1 horizon -> batch channels horizon')
                (4): Mish()
              )
            )
          )
          (time_mlp): Sequential(
            (0): Mish()
            (1): Linear(in_features=128, out_features=1024, bias=True)
            (2): Rearrange('batch t -> batch t 1')
          )
          (residual_conv): Conv1d(512, 1024, kernel_size=(1,), stride=(1,))
        )
        (1): ResidualTemporalBlock(
          (blocks): ModuleList(
            (0-1): 2 x Conv1dBlock(
              (block): Sequential(
                (0): Conv1d(1024, 1024, kernel_size=(5,), stride=(1,), padding=(2,))
                (1): Rearrange('batch channels horizon -> batch channels 1 horizon')
                (2): GroupNorm(8, 1024, eps=1e-05, affine=True)
                (3): Rearrange('batch channels 1 horizon -> batch channels horizon')
                (4): Mish()
              )
            )
          )
          (time_mlp): Sequential(
            (0): Mish()
            (1): Linear(in_features=128, out_features=1024, bias=True)
            (2): Rearrange('batch t -> batch t 1')
          )
          (residual_conv): Identity()
        )
        (2): Identity()
      )
    )
    (ups): ModuleList(
      (0): ModuleList(
        (0): ResidualTemporalBlock(
          (blocks): ModuleList(
            (0): Conv1dBlock(
              (block): Sequential(
                (0): Conv1d(2048, 512, kernel_size=(5,), stride=(1,), padding=(2,))
                (1): Rearrange('batch channels horizon -> batch channels 1 horizon')
                (2): GroupNorm(8, 512, eps=1e-05, affine=True)
                (3): Rearrange('batch channels 1 horizon -> batch channels horizon')
                (4): Mish()
              )
            )
            (1): Conv1dBlock(
              (block): Sequential(
                (0): Conv1d(512, 512, kernel_size=(5,), stride=(1,), padding=(2,))
                (1): Rearrange('batch channels horizon -> batch channels 1 horizon')
                (2): GroupNorm(8, 512, eps=1e-05, affine=True)
                (3): Rearrange('batch channels 1 horizon -> batch channels horizon')
                (4): Mish()
              )
            )
          )
          (time_mlp): Sequential(
            (0): Mish()
            (1): Linear(in_features=128, out_features=512, bias=True)
            (2): Rearrange('batch t -> batch t 1')
          )
          (residual_conv): Conv1d(2048, 512, kernel_size=(1,), stride=(1,))
        )
        (1): ResidualTemporalBlock(
          (blocks): ModuleList(
            (0-1): 2 x Conv1dBlock(
              (block): Sequential(
                (0): Conv1d(512, 512, kernel_size=(5,), stride=(1,), padding=(2,))
                (1): Rearrange('batch channels horizon -> batch channels 1 horizon')
                (2): GroupNorm(8, 512, eps=1e-05, affine=True)
                (3): Rearrange('batch channels 1 horizon -> batch channels horizon')
                (4): Mish()
              )
            )
          )
          (time_mlp): Sequential(
            (0): Mish()
            (1): Linear(in_features=128, out_features=512, bias=True)
            (2): Rearrange('batch t -> batch t 1')
          )
          (residual_conv): Identity()
        )
        (2): Upsample1d(
          (conv): ConvTranspose1d(512, 512, kernel_size=(4,), stride=(2,), padding=(1,))
        )
      )
      (1): ModuleList(
        (0): ResidualTemporalBlock(
          (blocks): ModuleList(
            (0): Conv1dBlock(
              (block): Sequential(
                (0): Conv1d(1024, 256, kernel_size=(5,), stride=(1,), padding=(2,))
                (1): Rearrange('batch channels horizon -> batch channels 1 horizon')
                (2): GroupNorm(8, 256, eps=1e-05, affine=True)
                (3): Rearrange('batch channels 1 horizon -> batch channels horizon')
                (4): Mish()
              )
            )
            (1): Conv1dBlock(
              (block): Sequential(
                (0): Conv1d(256, 256, kernel_size=(5,), stride=(1,), padding=(2,))
                (1): Rearrange('batch channels horizon -> batch channels 1 horizon')
                (2): GroupNorm(8, 256, eps=1e-05, affine=True)
                (3): Rearrange('batch channels 1 horizon -> batch channels horizon')
                (4): Mish()
              )
            )
          )
          (time_mlp): Sequential(
            (0): Mish()
            (1): Linear(in_features=128, out_features=256, bias=True)
            (2): Rearrange('batch t -> batch t 1')
          )
          (residual_conv): Conv1d(1024, 256, kernel_size=(1,), stride=(1,))
        )
        (1): ResidualTemporalBlock(
          (blocks): ModuleList(
            (0-1): 2 x Conv1dBlock(
              (block): Sequential(
                (0): Conv1d(256, 256, kernel_size=(5,), stride=(1,), padding=(2,))
                (1): Rearrange('batch channels horizon -> batch channels 1 horizon')
                (2): GroupNorm(8, 256, eps=1e-05, affine=True)
                (3): Rearrange('batch channels 1 horizon -> batch channels horizon')
                (4): Mish()
              )
            )
          )
          (time_mlp): Sequential(
            (0): Mish()
            (1): Linear(in_features=128, out_features=256, bias=True)
            (2): Rearrange('batch t -> batch t 1')
          )
          (residual_conv): Identity()
        )
        (2): Upsample1d(
          (conv): ConvTranspose1d(256, 256, kernel_size=(4,), stride=(2,), padding=(1,))
        )
      )
      (2): ModuleList(
        (0): ResidualTemporalBlock(
          (blocks): ModuleList(
            (0): Conv1dBlock(
              (block): Sequential(
                (0): Conv1d(512, 128, kernel_size=(5,), stride=(1,), padding=(2,))
                (1): Rearrange('batch channels horizon -> batch channels 1 horizon')
                (2): GroupNorm(8, 128, eps=1e-05, affine=True)
                (3): Rearrange('batch channels 1 horizon -> batch channels horizon')
                (4): Mish()
              )
            )
            (1): Conv1dBlock(
              (block): Sequential(
                (0): Conv1d(128, 128, kernel_size=(5,), stride=(1,), padding=(2,))
                (1): Rearrange('batch channels horizon -> batch channels 1 horizon')
                (2): GroupNorm(8, 128, eps=1e-05, affine=True)
                (3): Rearrange('batch channels 1 horizon -> batch channels horizon')
                (4): Mish()
              )
            )
          )
          (time_mlp): Sequential(
            (0): Mish()
            (1): Linear(in_features=128, out_features=128, bias=True)
            (2): Rearrange('batch t -> batch t 1')
          )
          (residual_conv): Conv1d(512, 128, kernel_size=(1,), stride=(1,))
        )
        (1): ResidualTemporalBlock(
          (blocks): ModuleList(
            (0-1): 2 x Conv1dBlock(
              (block): Sequential(
                (0): Conv1d(128, 128, kernel_size=(5,), stride=(1,), padding=(2,))
                (1): Rearrange('batch channels horizon -> batch channels 1 horizon')
                (2): GroupNorm(8, 128, eps=1e-05, affine=True)
                (3): Rearrange('batch channels 1 horizon -> batch channels horizon')
                (4): Mish()
              )
            )
          )
          (time_mlp): Sequential(
            (0): Mish()
            (1): Linear(in_features=128, out_features=128, bias=True)
            (2): Rearrange('batch t -> batch t 1')
          )
          (residual_conv): Identity()
        )
        (2): Upsample1d(
          (conv): ConvTranspose1d(128, 128, kernel_size=(4,), stride=(2,), padding=(1,))
        )
      )
    )
    (mid_block1): ResidualTemporalBlock(
      (blocks): ModuleList(
        (0-1): 2 x Conv1dBlock(
          (block): Sequential(
            (0): Conv1d(1024, 1024, kernel_size=(5,), stride=(1,), padding=(2,))
            (1): Rearrange('batch channels horizon -> batch channels 1 horizon')
            (2): GroupNorm(8, 1024, eps=1e-05, affine=True)
            (3): Rearrange('batch channels 1 horizon -> batch channels horizon')
            (4): Mish()
          )
        )
      )
      (time_mlp): Sequential(
        (0): Mish()
        (1): Linear(in_features=128, out_features=1024, bias=True)
        (2): Rearrange('batch t -> batch t 1')
      )
      (residual_conv): Identity()
    )
    (mid_block2): ResidualTemporalBlock(
      (blocks): ModuleList(
        (0-1): 2 x Conv1dBlock(
          (block): Sequential(
            (0): Conv1d(1024, 1024, kernel_size=(5,), stride=(1,), padding=(2,))
            (1): Rearrange('batch channels horizon -> batch channels 1 horizon')
            (2): GroupNorm(8, 1024, eps=1e-05, affine=True)
            (3): Rearrange('batch channels 1 horizon -> batch channels horizon')
            (4): Mish()
          )
        )
      )
      (time_mlp): Sequential(
        (0): Mish()
        (1): Linear(in_features=128, out_features=1024, bias=True)
        (2): Rearrange('batch t -> batch t 1')
      )
      (residual_conv): Identity()
    )
    (final_conv): Sequential(
      (0): Conv1dBlock(
        (block): Sequential(
          (0): Conv1d(128, 128, kernel_size=(5,), stride=(1,), padding=(2,))
          (1): Rearrange('batch channels horizon -> batch channels 1 horizon')
          (2): GroupNorm(8, 128, eps=1e-05, affine=True)
          (3): Rearrange('batch channels 1 horizon -> batch channels horizon')
          (4): Mish()
        )
      )
      (1): Conv1d(128, 6, kernel_size=(1,), stride=(1,))
    )
  )
)
    n_timesteps: 16
    observation_dim: 3
    time_beta_alpha_v3: 1.5
    time_beta_beta_v3: 1.0

[ utils/config ] Saved config to: logs/aligning-d3il-visual/ddpm_encdec_vision/H8/6/diffusion_config.pkl

[ utils/config ] Saved config to: logs/aligning-d3il-visual/ddpm_encdec_vision/H8/6/diffusion_config.json

Traceback (most recent call last):
  File "/data/home/llim/FMPCC/FM-PCC/ddpm_encdec_vision_test/train_ddpm_encdec_vision.py", line 264, in <module>
    diffusion = diffusion_config(model)
  File "/u/home/llim/FMPCC/FM-PCC/ddpm_encdec_vision/utils/config.py", line 99, in __call__
    instance = self._class(*args, **kwargs, **self._dict)
TypeError: GaussianDiffusion.__init__() got multiple values for argument 'model'
wandb: - 0.008 MB of 0.008 MB uploadedwandb: \ 0.008 MB of 0.008 MB uploadedwandb: | 0.008 MB of 0.008 MB uploadedwandb: / 0.008 MB of 0.008 MB uploadedwandb: - 0.008 MB of 0.008 MB uploadedwandb: \ 0.015 MB of 0.023 MB uploaded (0.004 MB deduped)wandb: | 0.047 MB of 0.047 MB uploaded (0.004 MB deduped)wandb: 🚀 View run aligning-d3il-visual-ddpm_encdec_vision-H8-S6 at: https://wandb.ai/llmmail2021-technical-university-of-munich/FMPCC-visual-aligning/runs/vrp7jyo8
wandb: ⭐️ View project at: https://wandb.ai/llmmail2021-technical-university-of-munich/FMPCC-visual-aligning
wandb: Synced 6 W&B file(s), 0 media file(s), 2 artifact file(s) and 0 other file(s)
wandb: Find logs at: ./wandb/run-20260514_101249-vrp7jyo8/logs
wandb: WARNING The new W&B backend becomes opt-out in version 0.18.0; try it out with `wandb.require("core")`! See https://wandb.me/wandb-core for more information.
