/bin/bash: /u/home/llim/miniconda3/lib/libtinfo.so.6: no version information available (required by /bin/bash)
JOB START: Fri May 15 14:58:01 UTC 2026
wandb: Currently logged in as: llmmail2021 (llmmail2021-technical-university-of-munich). Use `wandb login --relogin` to force relogin
wandb: wandb version 0.27.0 is available!  To upgrade, please run:
wandb:  $ pip install wandb --upgrade
wandb: Tracking run with wandb version 0.17.5
wandb: Run data is saved locally in /data/home/llim/FMPCC/FM-PCC/wandb/run-20260515_145804-p7o29rvm
wandb: Run `wandb offline` to turn off syncing.
wandb: Syncing run aligning-d3il-visual-ddpm_encdec_vision/H2-S6
wandb: ⭐️ View project at https://wandb.ai/llmmail2021-technical-university-of-munich/FMPCC-visual-aligning
wandb: 🚀 View run at https://wandb.ai/llmmail2021-technical-university-of-munich/FMPCC-visual-aligning/runs/p7o29rvm
[ train ] Seed source: cli --seeds
[ train ] Training seeds: [6]
[ train ] Saved seed manifest to: logs/aligning-d3il-visual/ddpm_encdec_vision/H2/seeds_config.json

[utils/config ] Config: <class 'd3il.environments.dataset.aligning_dataset.Aligning_Img_Dataset'>
    action_dim: 3
    data_directory: environments/dataset/data/aligning/train_files.pkl
    max_len_data: 256
    obs_dim: 3
    window_size: 2

[ utils/config ] Saved config to: logs/aligning-d3il-visual/ddpm_encdec_vision/H2/6/dataset_config_resume_3.json

  0%|          | 0/3 [00:00<?, ?it/s] 67%|██████▋   | 2/3 [00:00<00:00, 13.42it/s]100%|██████████| 3/3 [00:00<00:00, 13.06it/s]
/u/home/llim/miniconda3/envs/FMPCC/lib/python3.10/site-packages/torchvision/models/_utils.py:208: UserWarning: The parameter 'pretrained' is deprecated since 0.13 and may be removed in the future, please use 'weights' instead.
  warnings.warn(
/u/home/llim/miniconda3/envs/FMPCC/lib/python3.10/site-packages/torchvision/models/_utils.py:223: UserWarning: Arguments other than a weight enum or `None` for 'weights' are deprecated since 0.13 and may be removed in the future. The current behavior is equivalent to passing `weights=None`.
  warnings.warn(msg)

[utils/config ] Config: <class 'ddpm_encdec_vision.models.visual_unet.VisualUNet'>
    config: Namespace(config='config.aligning-d3il-visual', seed=6, dataset='aligning-d3il-visual', model='ddpm_encdec_vision.models.d3il_visual_bridge.VisualDiffusionBridge', diffusion='ddpm_encdec_vision.models.d3il_visual_bridge.VisualDiffusionBridge', horizon=2, window_size=2, obs_dim=128, action_dim=3, visual_input=True, obs_seq_len=5, action_seq_size=1, n_diffusion_steps=20, loss_type='l2', loader='ignored', max_path_length=150, logbase='logs', prefix='ddpm_encdec_vision/', exp_name='ddpm_encdec_vision/H2', n_steps_per_epoch=1000, n_train_steps=1000, batch_size=8, learning_rate=0.0001, gradient_accumulate_every=2, ema_decay=0.995, train_test_split=0.9, device='cuda', savepath='logs/aligning-d3il-visual/ddpm_encdec_vision/H2/6')

[ utils/config ] Saved config to: logs/aligning-d3il-visual/ddpm_encdec_vision/H2/6/model_config_resume_3.json

ROBOMIMIC WARNING(
    No private macro file found!
    It is recommended to use a private macro file
    To setup, run: python /u/home/llim/FMPCC/FM-PCC/d3il/agents/models/robomimic/scripts/setup_macros.py
)

[utils/config ] Config: <class 'ddpm_encdec_vision.models.visual_gaussian_diffusion.VisualGaussianDiffusion'>
    action_dim: 3
    action_weight: 10.0
    clip_denoised: True
    goal_dim: 0
    horizon: 2
    loss_type: l2
    n_timesteps: 20
    observation_dim: 3
    predict_epsilon: True

[ utils/config ] Saved config to: logs/aligning-d3il-visual/ddpm_encdec_vision/H2/6/diffusion_config_resume_3.json


[utils/config ] Config: <class 'ddpm_encdec_vision.utils.training.Trainer'>
    ema_decay: 0.995
    gradient_accumulate_every: 2
    log_freq: 1000
    n_steps_per_epoch: 1000
    n_train_steps: 1000
    results_folder: logs/aligning-d3il-visual/ddpm_encdec_vision/H2/6
    train_batch_size: 8
    train_device: cuda
    train_lr: 0.0001
    train_test_split: 0.9

[ utils/config ] Saved config to: logs/aligning-d3il-visual/ddpm_encdec_vision/H2/6/trainer_config_resume_3.json

  0%|          | 0/1000 [00:00<?, ?it/s]Epoch 0:   0%|          | 0/1000 [00:00<?, ?it/s]Initial test loss:   1.5951, a0 loss:   0.1041
Epoch 0: 100%|██████████| 1000/1000 [02:30<00:00,  6.64it/s, a0_loss=0.00484, a0_loss_test=0.104, diffusion_loss=0.133, loss=0.0663, loss_test=1.6, lr=0.0001, step=999]Epoch 0: 100%|██████████| 1000/1000 [02:30<00:00,  6.64it/s, a0_loss=0.00484, a0_loss_test=0.104, diffusion_loss=0.133, loss=0.0663, loss_test=1.6, lr=0.0001, step=999]Epoch 0: 100%|██████████| 1000/1000 [02:30<00:00,  6.64it/s, a0_loss=0.00484, a0_loss_test=0.104, diffusion_loss=0.133, loss=0.0663, loss_test=1.6, lr=0.0001, step=999]
wandb: - 0.009 MB of 0.009 MB uploadedwandb: \ 0.009 MB of 0.009 MB uploadedwandb: | 0.009 MB of 0.009 MB uploadedwandb: / 0.009 MB of 0.009 MB uploadedwandb: - 0.017 MB of 0.031 MB uploaded (0.004 MB deduped)wandb: \ 0.017 MB of 0.031 MB uploaded (0.004 MB deduped)wandb: | 0.031 MB of 0.031 MB uploaded (0.004 MB deduped)wandb:                                                                                
wandb: W&B sync reduced upload amount by 11.4%
wandb: 
wandb: Run history:
wandb:  test/a0_loss ▁
wandb:     test/loss ▁
wandb: train/a0_loss ▁
wandb:    train/loss ▁
wandb: 
wandb: Run summary:
wandb:  final_test_loss 1.59509
wandb: final_train_loss 2.14381
wandb:             seed 6
wandb:           status completed
wandb:     test/a0_loss 0.1041
wandb:        test/loss 1.59509
wandb:    train/a0_loss 0.14558
wandb:       train/loss 2.14381
wandb: 
wandb: 🚀 View run aligning-d3il-visual-ddpm_encdec_vision/H2-S6 at: https://wandb.ai/llmmail2021-technical-university-of-munich/FMPCC-visual-aligning/runs/p7o29rvm
wandb: ⭐️ View project at: https://wandb.ai/llmmail2021-technical-university-of-munich/FMPCC-visual-aligning
wandb: Synced 6 W&B file(s), 0 media file(s), 3 artifact file(s) and 0 other file(s)
wandb: Find logs at: ./wandb/run-20260515_145804-p7o29rvm/logs
wandb: WARNING The new W&B backend becomes opt-out in version 0.18.0; try it out with `wandb.require("core")`! See https://wandb.me/wandb-core for more information.
Vision FM_v3 training completed.
Job completed successfully.
