/bin/bash: /u/home/llim/miniconda3/lib/libtinfo.so.6: no version information available (required by /bin/bash)
JOB START: Wed May 13 13:13:09 UTC 2026
================================================================================
iMeanFlow Training
================================================================================
Device: cuda
Seeds: [6, 7, 8, 9, 10]
Use W&B: True


================================================================================
Training Seed 6
================================================================================

Generating synthetic trajectory data...
Traceback (most recent call last):
  File "/data/home/llim/FMPCC/FM-PCC/FM_v3_imeanflow_test/train_flow_matching_v3_imeanflow.py", line 345, in <module>
    main()
  File "/data/home/llim/FMPCC/FM-PCC/FM_v3_imeanflow_test/train_flow_matching_v3_imeanflow.py", line 320, in main
    trainer = ImfTrainer(
  File "/data/home/llim/FMPCC/FM-PCC/FM_v3_imeanflow_test/train_flow_matching_v3_imeanflow.py", line 106, in __init__
    self.model = TimeConditionedDualVelocity(
TypeError: TimeConditionedDualVelocity.__init__() got an unexpected keyword argument 'use_jvp'
