/bin/bash: /u/home/llim/miniconda3/lib/libtinfo.so.6: no version information available (required by /bin/bash)
================================================================================
JOB START: Wed Apr 29 14:18:17 UTC 2026
JOB NAME:  train_fmv3_ode_job
JOB ID:    19744
NODE:      i6-gpu-1
GPU INFO:
NVIDIA RTX A5000, 530.41.03, 24564 MiB
NVIDIA RTX A5000, 530.41.03, 24564 MiB
NVIDIA RTX A5000, 530.41.03, 24564 MiB
NVIDIA RTX A5000, 530.41.03, 24564 MiB
NVIDIA RTX A5000, 530.41.03, 24564 MiB
NVIDIA RTX A5000, 530.41.03, 24564 MiB
NVIDIA RTX A5000, 530.41.03, 24564 MiB
NVIDIA RTX A5000, 530.41.03, 24564 MiB
GIT REV:   8fcfeb6
================================================================================
wandb: Currently logged in as: llmmail2021 (llmmail2021-technical-university-of-munich). Use `wandb login --relogin` to force relogin
wandb: - Waiting for wandb.init()...wandb: \ Waiting for wandb.init()...wandb: wandb version 0.26.1 is available!  To upgrade, please run:
wandb:  $ pip install wandb --upgrade
wandb: Tracking run with wandb version 0.17.5
wandb: Run data is saved locally in /data/home/llim/FMPCC/FM-PCC/wandb/run-20260429_141820-whqxif3w
wandb: Run `wandb offline` to turn off syncing.
wandb: Syncing run avoiding-d3il-seed-6
wandb: ⭐️ View project at https://wandb.ai/llmmail2021-technical-university-of-munich/FMPCC-knoll
wandb: 🚀 View run at https://wandb.ai/llmmail2021-technical-university-of-munich/FMPCC-knoll/runs/whqxif3w
[ train ] Seed source: cli --seeds
[ train ] Training seeds: [6]
[ utils/setup ] Made savepath: logs/avoiding-d3il/flow_matching_v3_ode_selectable/H8_Dmodels.diffusion.GaussianDiffusion/6
[ train ] Saved seed manifest to: logs/avoiding-d3il/flow_matching_v3_ode_selectable/H8_Dmodels.diffusion.GaussianDiffusion/seeds_config.json

[utils/config ] Config: <class 'flow_matcher_v3_ode_selectable.datasets.sequence.SequenceDataset'>
    discount: 0.99
    env: avoiding-d3il
    horizon: 8
    include_returns: True
    max_path_length: 150
    normalizer: LimitsNormalizer
    preprocess_fns: []
    returns_scale: 150
    use_padding: True

[ utils/config ] Saved config to: logs/avoiding-d3il/flow_matching_v3_ode_selectable/H8_Dmodels.diffusion.GaussianDiffusion/6/dataset_config.pkl

[ utils/config ] Saved config to: logs/avoiding-d3il/flow_matching_v3_ode_selectable/H8_Dmodels.diffusion.GaussianDiffusion/6/dataset_config.json

[ datasets/buffer ] Fields:
    observations: (96, 150, 4)
    actions: (96, 150, 2)
    rewards: (96, 150, 1)
    terminals: (96, 150, 1)
    normed_observations: (96, 150, 4)
    normed_actions: (96, 150, 2)

[utils/config ] Config: <class 'flow_matcher_v3_ode_selectable.models.unet1d_temporal_cond.Flow_matcher_U_Net_v2'>
    cond_dim: 4
    condition_dropout: 0.25
    dim: 32
    dim_mults: (1, 2, 4, 8)
    horizon: 8
    returns_condition: False
    transition_dim: 6

[ utils/config ] Saved config to: logs/avoiding-d3il/flow_matching_v3_ode_selectable/H8_Dmodels.diffusion.GaussianDiffusion/6/model_config.pkl

[ utils/config ] Saved config to: logs/avoiding-d3il/flow_matching_v3_ode_selectable/H8_Dmodels.diffusion.GaussianDiffusion/6/model_config.json

Traceback (most recent call last):
  File "/data/home/llim/FMPCC/FM-PCC/FM_v3_ode_selectable_test/train_flow_matching_v3_ode_selectable.py", line 248, in <module>
    n_timesteps=args.n_diffusion_steps,
AttributeError: 'Namespace' object has no attribute 'n_diffusion_steps'
wandb: - 0.008 MB of 0.008 MB uploadedwandb: \ 0.008 MB of 0.008 MB uploadedwandb: | 0.008 MB of 0.008 MB uploadedwandb: / 0.008 MB of 0.008 MB uploadedwandb: - 0.008 MB of 0.008 MB uploadedwandb: \ 0.008 MB of 0.008 MB uploadedwandb: | 0.008 MB of 0.008 MB uploadedwandb: / 0.008 MB of 0.008 MB uploadedwandb: - 0.016 MB of 0.028 MB uploadedwandb: \ 0.016 MB of 0.028 MB uploadedwandb: | 0.028 MB of 0.028 MB uploadedwandb: 🚀 View run avoiding-d3il-seed-6 at: https://wandb.ai/llmmail2021-technical-university-of-munich/FMPCC-knoll/runs/whqxif3w
wandb: ⭐️ View project at: https://wandb.ai/llmmail2021-technical-university-of-munich/FMPCC-knoll
wandb: Synced 6 W&B file(s), 0 media file(s), 2 artifact file(s) and 0 other file(s)
wandb: Find logs at: ./wandb/run-20260429_141820-whqxif3w/logs
wandb: WARNING The new W&B backend becomes opt-out in version 0.18.0; try it out with `wandb.require("core")`! See https://wandb.me/wandb-core for more information.
