/bin/bash: /u/home/llim/miniconda3/lib/libtinfo.so.6: no version information available (required by /bin/bash)
================================================================================
JOB START: Wed Apr 29 13:38:33 UTC 2026
JOB NAME:  verify_env_job
JOB ID:    19741
NODE:      i6-gpu-1
GPU INFO:
NVIDIA RTX A5000, 530.41.03, 24564 MiB
NVIDIA RTX A5000, 530.41.03, 24564 MiB
NVIDIA RTX A5000, 530.41.03, 24564 MiB
NVIDIA RTX A5000, 530.41.03, 24564 MiB
NVIDIA RTX A5000, 530.41.03, 24564 MiB
NVIDIA RTX A5000, 530.41.03, 24564 MiB
NVIDIA RTX A5000, 530.41.03, 24564 MiB
NVIDIA RTX A5000, 530.41.03, 24564 MiB
GIT REV:   630dd13
================================================================================
Running FM-PCC Environment Verification...

--- Package Import Check ---
torch                2.2.2+cu121
numpy                1.26.4
scipy                1.13.1
gym                  0.26.2
gymnasium            0.29.1
gymnasium_robotics   1.2.4
minari               0.4.3
wandb                0.17.5
mujoco               2.3.7
diffusers            0.31.0
transformers         4.41.2

--- System Check ---
Numpy Version:   1.26.4
CUDA Available:  True
GPU Device:      NVIDIA RTX A5000

✅ VERIFICATION SUCCESSFUL: Environment is ready for training.
