/bin/bash: /u/home/llim/miniconda3/lib/libtinfo.so.6: no version information available (required by /bin/bash)
JOB START: Mon May 18 09:55:58 UTC 2026
wandb: Currently logged in as: llmmail2021 (llmmail2021-technical-university-of-munich). Use `wandb login --relogin` to force relogin
wandb: - Waiting for wandb.init()...wandb: \ Waiting for wandb.init()...wandb: wandb version 0.27.0 is available!  To upgrade, please run:
wandb:  $ pip install wandb --upgrade
wandb: Tracking run with wandb version 0.17.5
wandb: Run data is saved locally in /data/home/llim/FMPCC/FM-PCC/wandb/run-20260518_095601-zpik20l3
wandb: Run `wandb offline` to turn off syncing.
wandb: Syncing run aligning-d3il-visual-fm_encdec_vision/H8_Dfm_encdec_vision.models.visual_gaussian_diffusion.VisualGaussianDiffusion_a1.5_b1.0_aw10-S5
wandb: ⭐️ View project at https://wandb.ai/llmmail2021-technical-university-of-munich/FMPCC-visual-aligning
wandb: 🚀 View run at https://wandb.ai/llmmail2021-technical-university-of-munich/FMPCC-visual-aligning/runs/zpik20l3
[ train ] Seed source: cli --seeds
[ train ] Training seeds: [5, 6, 7, 8, 9]
[ utils/setup ] Made savepath: logs/aligning-d3il-visual/fm_encdec_vision/H8_Dfm_encdec_vision.models.visual_gaussian_diffusion.VisualGaussianDiffusion_a1.5_b1.0_aw10/5
[ train ] Saved seed manifest to: logs/aligning-d3il-visual/fm_encdec_vision/H8_Dfm_encdec_vision.models.visual_gaussian_diffusion.VisualGaussianDiffusion_a1.5_b1.0_aw10/seeds_config.json

[utils/config ] Config: <class 'd3il.environments.dataset.aligning_dataset.Aligning_Img_Dataset'>
    action_dim: 3
    data_directory: environments/dataset/data/aligning/train_files.pkl
    max_len_data: 512
    obs_dim: 3
    window_size: 8

[ utils/config ] Saved config to: logs/aligning-d3il-visual/fm_encdec_vision/H8_Dfm_encdec_vision.models.visual_gaussian_diffusion.VisualGaussianDiffusion_a1.5_b1.0_aw10/5/dataset_config.pkl

[ utils/config ] Saved config to: logs/aligning-d3il-visual/fm_encdec_vision/H8_Dfm_encdec_vision.models.visual_gaussian_diffusion.VisualGaussianDiffusion_a1.5_b1.0_aw10/5/dataset_config.json

  0%|          | 0/3 [00:00<?, ?it/s] 67%|██████▋   | 2/3 [00:00<00:00, 12.39it/s]100%|██████████| 3/3 [00:00<00:00, 11.96it/s]
/u/home/llim/miniconda3/envs/FMPCC/lib/python3.10/site-packages/torchvision/models/_utils.py:208: UserWarning: The parameter 'pretrained' is deprecated since 0.13 and may be removed in the future, please use 'weights' instead.
  warnings.warn(
/u/home/llim/miniconda3/envs/FMPCC/lib/python3.10/site-packages/torchvision/models/_utils.py:223: UserWarning: Arguments other than a weight enum or `None` for 'weights' are deprecated since 0.13 and may be removed in the future. The current behavior is equivalent to passing `weights=None`.
  warnings.warn(msg)
[ train ] Calculating dataset statistics (ignoring zero-padding)...
[ train ] Dataset Stats: Obs Mean 0.2609, Act Std 0.0034
[ train ] Saved scaler to logs/aligning-d3il-visual/fm_encdec_vision/H8_Dfm_encdec_vision.models.visual_gaussian_diffusion.VisualGaussianDiffusion_a1.5_b1.0_aw10/5/scaler.pkl

[utils/config ] Config: <class 'fm_encdec_vision.models.visual_unet.VisualUNet'>
    config: Namespace(config='config.aligning-d3il-visual', seed=5, dataset='aligning-d3il-visual', model='fm_encdec_vision.models.d3il_visual_bridge.VisualDiffusionBridge', action_dim=3, obs_seq_len=5, action_seq_size=4, horizon=8, window_size=8, time_beta_alpha_v3=1.5, time_beta_beta_v3=1.0, flow_steps_v3=16, ode_inference_steps_v3=16, ode_solver_backend_v3='legacy_euler', ode_solver_method_v3='euler', n_diffusion_steps=16, action_weight=10, loss_type='l2', dim=32, dim_mults=(1, 2, 4, 8), hidden_dim=256, condition_dropout=0.25, diffusion='fm_encdec_vision.models.visual_gaussian_diffusion.VisualGaussianDiffusion', obs_dim=128, visual_input=True, loss_discount=1.0, returns_condition=False, predict_epsilon=True, dynamic_loss=False, attention=False, condition_guidance_w=1.2, test_ret=0.9, max_path_length=512, loader='ignored', normalizer='LimitsNormalizer', preprocess_fns=[], clip_denoised=False, use_padding=True, include_returns=True, returns_scale=400, discount=0.99, logbase='logs', prefix='fm_encdec_vision/', exp_name='fm_encdec_vision/H8_Dfm_encdec_vision.models.visual_gaussian_diffusion.VisualGaussianDiffusion_a1.5_b1.0_aw10', batch_size=64, learning_rate=0.0002, ema_decay=0.995, n_steps_per_epoch=1000, n_train_steps=10000.0, gradient_accumulate_every=2, train_test_split=0.9, device='cuda', savepath='logs/aligning-d3il-visual/fm_encdec_vision/H8_Dfm_encdec_vision.models.visual_gaussian_diffusion.VisualGaussianDiffusion_a1.5_b1.0_aw10/5')

[ utils/config ] Saved config to: logs/aligning-d3il-visual/fm_encdec_vision/H8_Dfm_encdec_vision.models.visual_gaussian_diffusion.VisualGaussianDiffusion_a1.5_b1.0_aw10/5/model_config.pkl

[ utils/config ] Saved config to: logs/aligning-d3il-visual/fm_encdec_vision/H8_Dfm_encdec_vision.models.visual_gaussian_diffusion.VisualGaussianDiffusion_a1.5_b1.0_aw10/5/model_config.json

ROBOMIMIC WARNING(
    No private macro file found!
    It is recommended to use a private macro file
    To setup, run: python /u/home/llim/FMPCC/FM-PCC/d3il/agents/models/robomimic/scripts/setup_macros.py
)

[utils/config ] Config: <class 'fm_encdec_vision.models.visual_gaussian_diffusion.VisualGaussianDiffusion'>
    action_dim: 3
    action_weight: 10
    clip_denoised: False
    flow_steps_v3: 16
    goal_dim: 0
    horizon: 8
    loss_type: l2
    n_timesteps: 16
    observation_dim: 3
    ode_inference_steps_v3: 16
    ode_solver_backend_v3: legacy_euler
    ode_solver_method_v3: euler
    predict_epsilon: True
    time_beta_alpha_v3: 1.5
    time_beta_beta_v3: 1.0

[ utils/config ] Saved config to: logs/aligning-d3il-visual/fm_encdec_vision/H8_Dfm_encdec_vision.models.visual_gaussian_diffusion.VisualGaussianDiffusion_a1.5_b1.0_aw10/5/diffusion_config.pkl

[ utils/config ] Saved config to: logs/aligning-d3il-visual/fm_encdec_vision/H8_Dfm_encdec_vision.models.visual_gaussian_diffusion.VisualGaussianDiffusion_a1.5_b1.0_aw10/5/diffusion_config.json


[utils/config ] Config: <class 'fm_encdec_vision.utils.training.Trainer'>
    ema_decay: 0.995
    gradient_accumulate_every: 2
    log_freq: 1000
    n_steps_per_epoch: 1000
    n_train_steps: 10000.0
    results_folder: logs/aligning-d3il-visual/fm_encdec_vision/H8_Dfm_encdec_vision.models.visual_gaussian_diffusion.VisualGaussianDiffusion_a1.5_b1.0_aw10/5
    scaler: <fm_encdec_vision.utils.scaler.Scaler object at 0x7f8c0a8c2c80>
    train_batch_size: 64
    train_device: cuda
    train_lr: 0.0002
    train_test_split: 0.9

[ utils/config ] Saved config to: logs/aligning-d3il-visual/fm_encdec_vision/H8_Dfm_encdec_vision.models.visual_gaussian_diffusion.VisualGaussianDiffusion_a1.5_b1.0_aw10/5/trainer_config.pkl

[ utils/config ] Saved config to: logs/aligning-d3il-visual/fm_encdec_vision/H8_Dfm_encdec_vision.models.visual_gaussian_diffusion.VisualGaussianDiffusion_a1.5_b1.0_aw10/5/trainer_config.json

  0%|          | 0/1000 [00:00<?, ?it/s]Epoch 0:   0%|          | 0/1000 [00:00<?, ?it/s]Initial test loss:   1.7111, a0 loss:   0.2360
slurmstepd-i6-gpu-1: error: *** JOB 20472 ON i6-gpu-1 CANCELLED AT 2026-05-18T10:01:07 ***
