/bin/bash: /u/home/llim/miniconda3/lib/libtinfo.so.6: no version information available (required by /bin/bash)
================================================================================
JOB START: Wed May 20 21:12:30 UTC 2026
JOB NAME:  dpcc_train
JOB ID:    20608
NODE:      i6-gpu-1
GPU INFO:
NVIDIA RTX A5000, 530.41.03, 24564 MiB
NVIDIA RTX A5000, 530.41.03, 24564 MiB
NVIDIA RTX A5000, 530.41.03, 24564 MiB
NVIDIA RTX A5000, 530.41.03, 24564 MiB
NVIDIA RTX A5000, 530.41.03, 24564 MiB
NVIDIA RTX A5000, 530.41.03, 24564 MiB
NVIDIA RTX A5000, 530.41.03, 24564 MiB
NVIDIA RTX A5000, 530.41.03, 24564 MiB
GIT REV:   9c39bb1
================================================================================
wandb: Currently logged in as: llmmail2021 (llmmail2021-technical-university-of-munich). Use `wandb login --relogin` to force relogin
wandb: wandb version 0.27.0 is available!  To upgrade, please run:
wandb:  $ pip install wandb --upgrade
wandb: Tracking run with wandb version 0.17.5
wandb: Run data is saved locally in /data/home/llim/FMPCC/FM-PCC/wandb/run-20260520_211234-2fpw5d6i
wandb: Run `wandb offline` to turn off syncing.
wandb: Syncing run avoiding-d3il-diffusion-H8_K1_DGaussianDiffusion_aw10-S6
wandb: ⭐️ View project at https://wandb.ai/llmmail2021-technical-university-of-munich/FMPCC-knoll
wandb: 🚀 View run at https://wandb.ai/llmmail2021-technical-university-of-munich/FMPCC-knoll/runs/2fpw5d6i
[ train ] Seed source: cli --seeds
[ train ] Training seeds: [6, 7, 8, 9, 10]
[ utils/setup ] Made savepath: logs/avoiding-d3il/diffusion/H8_K1_Dmodels.GaussianDiffusion_aw10/6
[ train ] Saved seed manifest to: logs/avoiding-d3il/diffusion/H8_K1_Dmodels.GaussianDiffusion_aw10/seeds_config.json

[utils/config ] Config: <class 'diffuser.datasets.sequence.SequenceDataset'>
    discount: 0.99
    env: avoiding-d3il
    horizon: 8
    include_returns: True
    max_path_length: 150
    normalizer: LimitsNormalizer
    preprocess_fns: []
    returns_scale: 150
    use_padding: True

[ utils/config ] Saved config to: logs/avoiding-d3il/diffusion/H8_K1_Dmodels.GaussianDiffusion_aw10/6/dataset_config.pkl

[ utils/config ] Saved config to: logs/avoiding-d3il/diffusion/H8_K1_Dmodels.GaussianDiffusion_aw10/6/dataset_config.json

[ datasets/buffer ] Fields:
    observations: (96, 150, 4)
    actions: (96, 150, 2)
    rewards: (96, 150, 1)
    terminals: (96, 150, 1)
    normed_observations: (96, 150, 4)
    normed_actions: (96, 150, 2)

[utils/config ] Config: <class 'diffuser.models.unet1d_temporal_cond.UNet1DTemporalCondModel'>
    cond_dim: 4
    condition_dropout: 0.25
    dim: 32
    dim_mults: (1, 2, 4, 8)
    horizon: 8
    returns_condition: False
    transition_dim: 6

[ utils/config ] Saved config to: logs/avoiding-d3il/diffusion/H8_K1_Dmodels.GaussianDiffusion_aw10/6/model_config.pkl

[ utils/config ] Saved config to: logs/avoiding-d3il/diffusion/H8_K1_Dmodels.GaussianDiffusion_aw10/6/model_config.json


[utils/config ] Config: <class 'diffuser.models.diffusion.GaussianDiffusion'>
    action_dim: 2
    action_weight: 10
    clip_denoised: False
    condition_guidance_w: 1.2
    goal_dim: 0
    horizon: 8
    loss_discount: 1.0
    loss_type: l2
    n_timesteps: 1
    observation_dim: 4
    predict_epsilon: True
    returns_condition: False

[ utils/config ] Saved config to: logs/avoiding-d3il/diffusion/H8_K1_Dmodels.GaussianDiffusion_aw10/6/diffusion_config.pkl

[ utils/config ] Saved config to: logs/avoiding-d3il/diffusion/H8_K1_Dmodels.GaussianDiffusion_aw10/6/diffusion_config.json


[utils/config ] Config: <class 'diffuser.utils.training.Trainer'>
    ema_decay: 0.995
    gradient_accumulate_every: 2
    n_steps_per_epoch: 1000
    n_train_steps: 100000.0
    results_folder: logs/avoiding-d3il/diffusion/H8_K1_Dmodels.GaussianDiffusion_aw10/6
    train_batch_size: 8
    train_lr: 0.0001
    train_test_split: 0.9

[ utils/config ] Saved config to: logs/avoiding-d3il/diffusion/H8_K1_Dmodels.GaussianDiffusion_aw10/6/trainer_config.pkl

[ utils/config ] Saved config to: logs/avoiding-d3il/diffusion/H8_K1_Dmodels.GaussianDiffusion_aw10/6/trainer_config.json

Traceback (most recent call last):
  File "/data/home/llim/FMPCC/FM-PCC/scripts/train.py", line 372, in <module>
    scaler = Scaler(batch[2], batch[3], scale_data=True, device=args.device)
NameError: name 'Scaler' is not defined
wandb: - 0.008 MB of 0.008 MB uploadedwandb: \ 0.008 MB of 0.008 MB uploadedwandb: | 0.008 MB of 0.008 MB uploadedwandb: / 0.008 MB of 0.008 MB uploadedwandb: - 0.008 MB of 0.008 MB uploadedwandb: \ 0.008 MB of 0.008 MB uploadedwandb: | 0.017 MB of 0.031 MB uploadedwandb: / 0.031 MB of 0.031 MB uploadedwandb: 🚀 View run avoiding-d3il-diffusion-H8_K1_DGaussianDiffusion_aw10-S6 at: https://wandb.ai/llmmail2021-technical-university-of-munich/FMPCC-knoll/runs/2fpw5d6i
wandb: ⭐️ View project at: https://wandb.ai/llmmail2021-technical-university-of-munich/FMPCC-knoll
wandb: Synced 6 W&B file(s), 0 media file(s), 2 artifact file(s) and 0 other file(s)
wandb: Find logs at: ./wandb/run-20260520_211234-2fpw5d6i/logs
wandb: WARNING The new W&B backend becomes opt-out in version 0.18.0; try it out with `wandb.require("core")`! See https://wandb.me/wandb-core for more information.
================================================================================
JOB END:   Wed May 20 21:12:52 UTC 2026
================================================================================
