/bin/bash: /u/home/llim/miniconda3/lib/libtinfo.so.6: no version information available (required by /bin/bash)
JOB START: Tue May 12 20:27:08 UTC 2026
wandb: Currently logged in as: llmmail2021 (llmmail2021-technical-university-of-munich). Use `wandb login --relogin` to force relogin
wandb: wandb version 0.26.1 is available!  To upgrade, please run:
wandb:  $ pip install wandb --upgrade
wandb: Tracking run with wandb version 0.17.5
wandb: Run data is saved locally in /data/home/llim/FMPCC/FM-PCC/wandb/run-20260512_202711-eb7l73wv
wandb: Run `wandb offline` to turn off syncing.
wandb: Syncing run aligning-d3il-visual-ddpm_encdec_vision-H8-S5
wandb: ⭐️ View project at https://wandb.ai/llmmail2021-technical-university-of-munich/FMPCC-visual-aligning
wandb: 🚀 View run at https://wandb.ai/llmmail2021-technical-university-of-munich/FMPCC-visual-aligning/runs/eb7l73wv
[ train ] Seed source: cli --seeds
[ train ] Training seeds: [5, 6, 7, 8, 9]
[ train ] Saved seed manifest to: logs/aligning-d3il-visual/ddpm_encdec_vision/H8/seeds_config.json
  0%|          | 0/3 [00:00<?, ?it/s] 33%|███▎      | 1/3 [00:00<00:00,  3.68it/s]100%|██████████| 3/3 [00:00<00:00,  8.47it/s]100%|██████████| 3/3 [00:00<00:00,  7.49it/s]
Traceback (most recent call last):
  File "/data/home/llim/FMPCC/FM-PCC/ddpm_encdec_vision_test/train_ddpm_encdec_vision.py", line 240, in <module>
    from ddpm_encdec_vision.models.d3il_visual_bridge import VisualDiffusionBridge
  File "/u/home/llim/FMPCC/FM-PCC/ddpm_encdec_vision/models/__init__.py", line 3, in <module>
    from .d3il_visual_bridge import VisualDiffusionBridge
  File "/u/home/llim/FMPCC/FM-PCC/ddpm_encdec_vision/models/d3il_visual_bridge.py", line 3, in <module>
    from omegaconf import OmegaConf
ModuleNotFoundError: No module named 'omegaconf'
wandb: - 0.015 MB of 0.027 MB uploadedwandb: \ 0.027 MB of 0.027 MB uploadedwandb: 🚀 View run aligning-d3il-visual-ddpm_encdec_vision-H8-S5 at: https://wandb.ai/llmmail2021-technical-university-of-munich/FMPCC-visual-aligning/runs/eb7l73wv
wandb: ⭐️ View project at: https://wandb.ai/llmmail2021-technical-university-of-munich/FMPCC-visual-aligning
wandb: Synced 6 W&B file(s), 0 media file(s), 2 artifact file(s) and 0 other file(s)
wandb: Find logs at: ./wandb/run-20260512_202711-eb7l73wv/logs
wandb: WARNING The new W&B backend becomes opt-out in version 0.18.0; try it out with `wandb.require("core")`! See https://wandb.me/wandb-core for more information.
