/bin/bash: /u/home/llim/miniconda3/lib/libtinfo.so.6: no version information available (required by /bin/bash)
JOB START: Tue May 12 20:38:14 UTC 2026
wandb: Currently logged in as: llmmail2021 (llmmail2021-technical-university-of-munich). Use `wandb login --relogin` to force relogin
wandb: wandb version 0.26.1 is available!  To upgrade, please run:
wandb:  $ pip install wandb --upgrade
wandb: Tracking run with wandb version 0.17.5
wandb: Run data is saved locally in /data/home/llim/FMPCC/FM-PCC/wandb/run-20260512_203817-ukp2zwf2
wandb: Run `wandb offline` to turn off syncing.
wandb: Syncing run aligning-d3il-visual-ddpm_encdec_vision-H8-S5
wandb: ⭐️ View project at https://wandb.ai/llmmail2021-technical-university-of-munich/FMPCC-visual-aligning
wandb: 🚀 View run at https://wandb.ai/llmmail2021-technical-university-of-munich/FMPCC-visual-aligning/runs/ukp2zwf2
[ train ] Seed source: cli --seeds
[ train ] Training seeds: [5, 6, 7, 8, 9]
[ train ] Saved seed manifest to: logs/aligning-d3il-visual/ddpm_encdec_vision/H8/seeds_config.json
  0%|          | 0/3 [00:00<?, ?it/s] 33%|███▎      | 1/3 [00:00<00:00,  3.94it/s]100%|██████████| 3/3 [00:00<00:00,  8.83it/s]100%|██████████| 3/3 [00:00<00:00,  7.85it/s]
/u/home/llim/miniconda3/envs/FMPCC/lib/python3.10/site-packages/torchvision/models/_utils.py:208: UserWarning: The parameter 'pretrained' is deprecated since 0.13 and may be removed in the future, please use 'weights' instead.
  warnings.warn(
/u/home/llim/miniconda3/envs/FMPCC/lib/python3.10/site-packages/torchvision/models/_utils.py:223: UserWarning: Arguments other than a weight enum or `None` for 'weights' are deprecated since 0.13 and may be removed in the future. The current behavior is equivalent to passing `weights=None`.
  warnings.warn(msg)
ROBOMIMIC WARNING(
    No private macro file found!
    It is recommended to use a private macro file
    To setup, run: python /u/home/llim/FMPCC/FM-PCC/d3il/agents/models/robomimic/scripts/setup_macros.py
)
Traceback (most recent call last):
  File "/u/home/llim/miniconda3/envs/FMPCC/lib/python3.10/site-packages/hydra/_internal/instantiate/_instantiate2.py", line 62, in _call_target
    return _target_(*args, **kwargs)
  File "/u/home/llim/FMPCC/FM-PCC/d3il/agents/models/diffusion/diffusion_models.py", line 709, in __init__
    self.encoder = hydra.utils.instantiate(encoder)
  File "/u/home/llim/miniconda3/envs/FMPCC/lib/python3.10/site-packages/hydra/_internal/instantiate/_instantiate2.py", line 182, in instantiate
    raise InstantiationException(
hydra.errors.InstantiationException: Top level config has to be OmegaConf DictConfig, plain dict, or a Structured Config class or instance

During handling of the above exception, another exception occurred:

Traceback (most recent call last):
  File "/data/home/llim/FMPCC/FM-PCC/ddpm_encdec_vision_test/train_ddpm_encdec_vision.py", line 241, in <module>
    diffusion = VisualDiffusionBridge(args).to(args.device)
  File "/u/home/llim/FMPCC/FM-PCC/ddpm_encdec_vision/models/d3il_visual_bridge.py", line 93, in __init__
    self.diffusion_model = hydra.utils.instantiate(model_cfg).to(self.device)
  File "/u/home/llim/miniconda3/envs/FMPCC/lib/python3.10/site-packages/hydra/_internal/instantiate/_instantiate2.py", line 180, in instantiate
    return instantiate_node(config, *args, recursive=_recursive_, convert=_convert_)
  File "/u/home/llim/miniconda3/envs/FMPCC/lib/python3.10/site-packages/hydra/_internal/instantiate/_instantiate2.py", line 245, in instantiate_node
    value = instantiate_node(
  File "/u/home/llim/miniconda3/envs/FMPCC/lib/python3.10/site-packages/hydra/_internal/instantiate/_instantiate2.py", line 249, in instantiate_node
    return _call_target(_target_, *args, **kwargs)
  File "/u/home/llim/miniconda3/envs/FMPCC/lib/python3.10/site-packages/hydra/_internal/instantiate/_instantiate2.py", line 64, in _call_target
    raise type(e)(
  File "/u/home/llim/miniconda3/envs/FMPCC/lib/python3.10/site-packages/hydra/_internal/instantiate/_instantiate2.py", line 62, in _call_target
    return _target_(*args, **kwargs)
  File "/u/home/llim/FMPCC/FM-PCC/d3il/agents/models/diffusion/diffusion_models.py", line 709, in __init__
    self.encoder = hydra.utils.instantiate(encoder)
  File "/u/home/llim/miniconda3/envs/FMPCC/lib/python3.10/site-packages/hydra/_internal/instantiate/_instantiate2.py", line 182, in instantiate
    raise InstantiationException(
hydra.errors.InstantiationException: Error instantiating 'agents.models.diffusion.diffusion_models.DiffusionEncDec' : Top level config has to be OmegaConf DictConfig, plain dict, or a Structured Config class or instance
wandb: - 0.008 MB of 0.008 MB uploadedwandb: \ 0.008 MB of 0.008 MB uploadedwandb: | 0.008 MB of 0.008 MB uploadedwandb: / 0.008 MB of 0.008 MB uploadedwandb: - 0.015 MB of 0.030 MB uploadedwandb: \ 0.030 MB of 0.030 MB uploadedwandb: 🚀 View run aligning-d3il-visual-ddpm_encdec_vision-H8-S5 at: https://wandb.ai/llmmail2021-technical-university-of-munich/FMPCC-visual-aligning/runs/ukp2zwf2
wandb: ⭐️ View project at: https://wandb.ai/llmmail2021-technical-university-of-munich/FMPCC-visual-aligning
wandb: Synced 6 W&B file(s), 0 media file(s), 2 artifact file(s) and 0 other file(s)
wandb: Find logs at: ./wandb/run-20260512_203817-ukp2zwf2/logs
wandb: WARNING The new W&B backend becomes opt-out in version 0.18.0; try it out with `wandb.require("core")`! See https://wandb.me/wandb-core for more information.
