/bin/bash: /u/home/llim/miniconda3/lib/libtinfo.so.6: no version information available (required by /bin/bash)
JOB START: Tue May 12 20:46:33 UTC 2026
wandb: Currently logged in as: llmmail2021 (llmmail2021-technical-university-of-munich). Use `wandb login --relogin` to force relogin
wandb: wandb version 0.26.1 is available!  To upgrade, please run:
wandb:  $ pip install wandb --upgrade
wandb: Tracking run with wandb version 0.17.5
wandb: Run data is saved locally in /data/home/llim/FMPCC/FM-PCC/wandb/run-20260512_204636-f1fsn32d
wandb: Run `wandb offline` to turn off syncing.
wandb: Syncing run aligning-d3il-visual-ddpm_encdec_vision-H8-S5
wandb: ⭐️ View project at https://wandb.ai/llmmail2021-technical-university-of-munich/FMPCC-visual-aligning
wandb: 🚀 View run at https://wandb.ai/llmmail2021-technical-university-of-munich/FMPCC-visual-aligning/runs/f1fsn32d
[ train ] Seed source: cli --seeds
[ train ] Training seeds: [5, 6, 7, 8, 9]
[ train ] Saved seed manifest to: logs/aligning-d3il-visual/ddpm_encdec_vision/H8/seeds_config.json
  0%|          | 0/3 [00:00<?, ?it/s] 33%|███▎      | 1/3 [00:00<00:00,  3.80it/s]100%|██████████| 3/3 [00:00<00:00,  8.77it/s]100%|██████████| 3/3 [00:00<00:00,  7.75it/s]
/u/home/llim/miniconda3/envs/FMPCC/lib/python3.10/site-packages/torchvision/models/_utils.py:208: UserWarning: The parameter 'pretrained' is deprecated since 0.13 and may be removed in the future, please use 'weights' instead.
  warnings.warn(
/u/home/llim/miniconda3/envs/FMPCC/lib/python3.10/site-packages/torchvision/models/_utils.py:223: UserWarning: Arguments other than a weight enum or `None` for 'weights' are deprecated since 0.13 and may be removed in the future. The current behavior is equivalent to passing `weights=None`.
  warnings.warn(msg)
ROBOMIMIC WARNING(
    No private macro file found!
    It is recommended to use a private macro file
    To setup, run: python /u/home/llim/FMPCC/FM-PCC/d3il/agents/models/robomimic/scripts/setup_macros.py
)

[utils/config ] Config: <class 'ddpm_encdec_vision.utils.training.Trainer'>
    ema_decay: 0.995
    gradient_accumulate_every: 2
    n_steps_per_epoch: 1000
    n_train_steps: 100000.0
    results_folder: logs/aligning-d3il-visual/ddpm_encdec_vision/H8/5
    train_batch_size: 8
    train_lr: 0.0001
    train_test_split: 0.9

[ utils/config ] Saved config to: logs/aligning-d3il-visual/ddpm_encdec_vision/H8/5/trainer_config.pkl

[ utils/config ] Saved config to: logs/aligning-d3il-visual/ddpm_encdec_vision/H8/5/trainer_config.json

  0%|          | 0/1000 [00:00<?, ?it/s]Epoch 0:   0%|          | 0/1000 [00:00<?, ?it/s]Traceback (most recent call last):
  File "/data/home/llim/FMPCC/FM-PCC/ddpm_encdec_vision_test/train_ddpm_encdec_vision.py", line 270, in <module>
    trainer.train()
  File "/u/home/llim/FMPCC/FM-PCC/ddpm_encdec_vision/utils/training.py", line 199, in train
    self.train_epoch(steps_this_epoch, epoch)
  File "/u/home/llim/FMPCC/FM-PCC/ddpm_encdec_vision/utils/training.py", line 124, in train_epoch
    batch = next(self.train_dataloader)
  File "/u/home/llim/FMPCC/FM-PCC/ddpm_encdec_vision/utils/training.py", line 12, in cycle
    for data in dl:
  File "/u/home/llim/miniconda3/envs/FMPCC/lib/python3.10/site-packages/torch/utils/data/dataloader.py", line 631, in __next__
    data = self._next_data()
  File "/u/home/llim/miniconda3/envs/FMPCC/lib/python3.10/site-packages/torch/utils/data/dataloader.py", line 1346, in _next_data
    return self._process_data(data)
  File "/u/home/llim/miniconda3/envs/FMPCC/lib/python3.10/site-packages/torch/utils/data/dataloader.py", line 1372, in _process_data
    data.reraise()
  File "/u/home/llim/miniconda3/envs/FMPCC/lib/python3.10/site-packages/torch/_utils.py", line 722, in reraise
    raise exception
RuntimeError: Caught RuntimeError in DataLoader worker process 0.
Original Traceback (most recent call last):
  File "/u/home/llim/miniconda3/envs/FMPCC/lib/python3.10/site-packages/torch/utils/data/_utils/worker.py", line 308, in _worker_loop
    data = fetcher.fetch(index)
  File "/u/home/llim/miniconda3/envs/FMPCC/lib/python3.10/site-packages/torch/utils/data/_utils/fetch.py", line 49, in fetch
    data = self.dataset.__getitems__(possibly_batched_index)
  File "/u/home/llim/miniconda3/envs/FMPCC/lib/python3.10/site-packages/torch/utils/data/dataset.py", line 399, in __getitems__
    return [self.dataset[self.indices[idx]] for idx in indices]
  File "/u/home/llim/miniconda3/envs/FMPCC/lib/python3.10/site-packages/torch/utils/data/dataset.py", line 399, in <listcomp>
    return [self.dataset[self.indices[idx]] for idx in indices]
  File "/u/home/llim/FMPCC/FM-PCC/d3il/environments/dataset/aligning_dataset.py", line 311, in __getitem__
    obs = self.observations[i, start:end]
RuntimeError: CUDA error: initialization error
CUDA kernel errors might be asynchronously reported at some other API call, so the stacktrace below might be incorrect.
For debugging consider passing CUDA_LAUNCH_BLOCKING=1.
Compile with `TORCH_USE_CUDA_DSA` to enable device-side assertions.


wandb: - 0.008 MB of 0.008 MB uploadedwandb: \ 0.008 MB of 0.008 MB uploadedwandb: | 0.008 MB of 0.020 MB uploadedwandb: / 0.008 MB of 0.024 MB uploadedwandb: 🚀 View run aligning-d3il-visual-ddpm_encdec_vision-H8-S5 at: https://wandb.ai/llmmail2021-technical-university-of-munich/FMPCC-visual-aligning/runs/f1fsn32d
wandb: ⭐️ View project at: https://wandb.ai/llmmail2021-technical-university-of-munich/FMPCC-visual-aligning
wandb: Synced 6 W&B file(s), 0 media file(s), 0 artifact file(s) and 0 other file(s)
wandb: Find logs at: ./wandb/run-20260512_204636-f1fsn32d/logs
wandb: WARNING The new W&B backend becomes opt-out in version 0.18.0; try it out with `wandb.require("core")`! See https://wandb.me/wandb-core for more information.
